# dnaorg_classify.pl :: classify sequences using an HMM library of RefSeqs
# dnaorg 0.38 (Nov 2018)
# - - - - - - - - - - - - - - - - - - - - - - - - - - - - - - - - - - - -
# date:       Thu Nov 29 13:30:44 2018
# $DNAORGDIR: /panfs/pan1/dnaorg/virseqannot/code
#
# REQUIRED name for output directory to create is <s>:  flaviviridae-classify-build [--dirout]
# build an HMM library for seqs in <s>, then exit:      flaviviridae_refseq_list.txt [--onlybuild]
# - - - - - - - - - - - - - - - - - - - - - - - - - - - - - - - - - - - -
# Parsing RefSeq list                                                    ... done. [0.6 seconds]
# Creating RefSeq HMM Library                                            ... done. [376.2 seconds]
#
# Output printed to screen saved in:                                     flaviviridae-classify-build.dnaorg_classify.log
# List of executed commands saved in:                                    flaviviridae-classify-build.dnaorg_classify.cmd
# List and description of all output files saved in:                     flaviviridae-classify-build.dnaorg_classify.list
# List of reference sequences used to build HMMs saved in:               flaviviridae-classify-build.dnaorg_classify.ref.list
# Fasta file of all RefSeq sequences saved in:                           flaviviridae-classify-build.dnaorg_classify.ref.fa
# List of RefSeq names from fasta file (may include version) saved in:   flaviviridae-classify-build.dnaorg_classify.ref.fa.list
# Library of HMMs of RefSeqs saved in:                                   flaviviridae-classify-build.dnaorg_classify.hmm
#
# All output files created in directory ./flaviviridae-classify-build/
#
# CPU time:  00:06:30.35
#            hh:mm:ss
# 
# DNAORG-SUCCESS
