# dnaorg_classify.pl :: classify sequences using an HMM library of RefSeqs
# dnaorg 0.33 (Jun 2018)
# - - - - - - - - - - - - - - - - - - - - - - - - - - - - - - - - - - - -
# date:       Tue Aug 21 09:57:58 2018
# $DNAORGDIR: /panfs/pan1/infernal/notebook/18_0722_virus_duplicate_features
#
# REQUIRED name for output directory to create is <s>:  norovirus-builds [--dirout]
# build an HMM library for seqs in <s>, then exit:      norovirus_refseq_list.txt [--onlybuild]
# - - - - - - - - - - - - - - - - - - - - - - - - - - - - - - - - - - - -
# Parsing RefSeq list                                                    ... done. [0.0 seconds]
# Creating RefSeq HMM Library                                            ... done. [15.3 seconds]
#
# Output printed to screen saved in:                                     norovirus-builds.dnaorg_classify.log
# List of executed commands saved in:                                    norovirus-builds.dnaorg_classify.cmd
# List and description of all output files saved in:                     norovirus-builds.dnaorg_classify.list
# List of reference sequences used to build HMMs saved in:               norovirus-builds.dnaorg_classify.ref.list
# Fasta file of all RefSeq sequences saved in:                           norovirus-builds.dnaorg_classify.ref.fa
# List of RefSeq names from fasta file (may include version) saved in:   norovirus-builds.dnaorg_classify.ref.fa.list
# Library of HMMs of RefSeqs saved in:                                   norovirus-builds.dnaorg_classify.hmm
#
# All output files created in directory ./norovirus-builds/
#
# CPU time:  00:00:15.38
#            hh:mm:ss
# 
# DNAORG-SUCCESS
