# dnaorg_classify.pl :: classify sequences using an HMM library of RefSeqs
# dnaorg 0.33 (Jun 2018)
# - - - - - - - - - - - - - - - - - - - - - - - - - - - - - - - - - - - -
# date:       Tue Aug 21 10:05:15 2018
# $DNAORGDIR: /panfs/pan1/infernal/notebook/18_0722_virus_duplicate_features
#
# REQUIRED name for output directory to create is <s>:  ebolavirus-builds [--dirout]
# build an HMM library for seqs in <s>, then exit:      ebolavirus_refseq_list.txt [--onlybuild]
# - - - - - - - - - - - - - - - - - - - - - - - - - - - - - - - - - - - -
# Parsing RefSeq list                                                    ... done. [0.0 seconds]
# Creating RefSeq HMM Library                                            ... done. [36.2 seconds]
#
# Output printed to screen saved in:                                     ebolavirus-builds.dnaorg_classify.log
# List of executed commands saved in:                                    ebolavirus-builds.dnaorg_classify.cmd
# List and description of all output files saved in:                     ebolavirus-builds.dnaorg_classify.list
# List of reference sequences used to build HMMs saved in:               ebolavirus-builds.dnaorg_classify.ref.list
# Fasta file of all RefSeq sequences saved in:                           ebolavirus-builds.dnaorg_classify.ref.fa
# List of RefSeq names from fasta file (may include version) saved in:   ebolavirus-builds.dnaorg_classify.ref.fa.list
# Library of HMMs of RefSeqs saved in:                                   ebolavirus-builds.dnaorg_classify.hmm
#
# All output files created in directory ./ebolavirus-builds/
#
# CPU time:  00:00:36.29
#            hh:mm:ss
# 
# DNAORG-SUCCESS
