# dnaorg_build.pl :: build homology models for features of a reference sequence
# dnaorg 0.34 (Aug 2018)
# - - - - - - - - - - - - - - - - - - - - - - - - - - - - - - - - - - - -
# date:       Fri Aug 24 13:37:20 2018
# $DNAORGDIR: /panfs/pan1/infernal/notebook/18_0722_virus_duplicate_features
#
# reference accession:                                         NC_004161
# forcing directory overwrite:                                 yes [-f]
# set number of CPUs for calibration to <n>:                   1 [-n]
# build models of additional qualifiers:                       gene [--xfeat]
# for big models, set Gb RAM per core for calibration to <n>:  64 [--bigram]
# - - - - - - - - - - - - - - - - - - - - - - - - - - - - - - - - - - - -
# Outputting information on options used for future use with dnaorg_annotate.pl    ... done. [0.0 seconds]
# Gathering information on reference using edirect                                 ... done. [4.9 seconds]
# Fetching and processing the reference genome                                     ... done. [3.9 seconds]
# Submitting jobs to build models to compute farm and waiting for them to finish   ... 
#	   1 of   18 jobs finished (0.2 minutes spent waiting)
#	   8 of   18 jobs finished (0.5 minutes spent waiting)
#	  12 of   18 jobs finished (0.8 minutes spent waiting)
#	  13 of   18 jobs finished (1.0 minutes spent waiting)
#	  14 of   18 jobs finished (1.2 minutes spent waiting)
#	  15 of   18 jobs finished (1.5 minutes spent waiting)
#	  15 of   18 jobs finished (1.8 minutes spent waiting)
#	  15 of   18 jobs finished (2.0 minutes spent waiting)
#	  16 of   18 jobs finished (2.5 minutes spent waiting)
#	  16 of   18 jobs finished (3.5 minutes spent waiting)
#	  16 of   18 jobs finished (5.5 minutes spent waiting)
#	  16 of   18 jobs finished (7.5 minutes spent waiting)
#	  16 of   18 jobs finished (9.5 minutes spent waiting)
#	  17 of   18 jobs finished (11.5 minutes spent waiting)
#	  18 of   18 jobs finished (13.5 minutes spent waiting)
# done. [812.4 seconds]
# Submitting jobs to calibrate models to compute farm and waiting for them to finish ... 
#	   0 of   18 jobs finished (0.2 minutes spent waiting)
#	   0 of   18 jobs finished (0.5 minutes spent waiting)
#	   0 of   18 jobs finished (0.8 minutes spent waiting)
#	   0 of   18 jobs finished (1.0 minutes spent waiting)
#	   0 of   18 jobs finished (1.2 minutes spent waiting)
#	   0 of   18 jobs finished (1.5 minutes spent waiting)
#	   0 of   18 jobs finished (1.8 minutes spent waiting)
#	   1 of   18 jobs finished (2.0 minutes spent waiting)
#	   1 of   18 jobs finished (2.5 minutes spent waiting)
#	   1 of   18 jobs finished (3.5 minutes spent waiting)
#	   1 of   18 jobs finished (5.5 minutes spent waiting)
#	   1 of   18 jobs finished (7.5 minutes spent waiting)
#	   1 of   18 jobs finished (9.5 minutes spent waiting)
#	   1 of   18 jobs finished (11.5 minutes spent waiting)
#	   1 of   18 jobs finished (13.5 minutes spent waiting)
#	   1 of   18 jobs finished (15.5 minutes spent waiting)
#	   1 of   18 jobs finished (17.5 minutes spent waiting)
#	   1 of   18 jobs finished (19.5 minutes spent waiting)
#	   1 of   18 jobs finished (21.5 minutes spent waiting)
#	   1 of   18 jobs finished (23.5 minutes spent waiting)
#	   1 of   18 jobs finished (25.5 minutes spent waiting)
#	   1 of   18 jobs finished (27.5 minutes spent waiting)
#	   2 of   18 jobs finished (29.5 minutes spent waiting)
#	   2 of   18 jobs finished (31.5 minutes spent waiting)
#	   3 of   18 jobs finished (33.5 minutes spent waiting)
#	   4 of   18 jobs finished (35.5 minutes spent waiting)
#	   4 of   18 jobs finished (37.5 minutes spent waiting)
#	   4 of   18 jobs finished (39.5 minutes spent waiting)
#	   5 of   18 jobs finished (41.5 minutes spent waiting)
#	   6 of   18 jobs finished (43.5 minutes spent waiting)
#	   7 of   18 jobs finished (45.5 minutes spent waiting)
#	   8 of   18 jobs finished (47.5 minutes spent waiting)
#	   9 of   18 jobs finished (49.5 minutes spent waiting)
#	   9 of   18 jobs finished (51.5 minutes spent waiting)
#	   9 of   18 jobs finished (53.5 minutes spent waiting)
#	   9 of   18 jobs finished (55.5 minutes spent waiting)
#	  10 of   18 jobs finished (57.5 minutes spent waiting)
#	  11 of   18 jobs finished (59.5 minutes spent waiting)
#	  11 of   18 jobs finished (61.5 minutes spent waiting)
#	  12 of   18 jobs finished (63.5 minutes spent waiting)
#	  12 of   18 jobs finished (65.5 minutes spent waiting)
#	  12 of   18 jobs finished (67.5 minutes spent waiting)
#	  12 of   18 jobs finished (69.5 minutes spent waiting)
#	  13 of   18 jobs finished (71.5 minutes spent waiting)
#	  13 of   18 jobs finished (73.5 minutes spent waiting)
#	  13 of   18 jobs finished (75.5 minutes spent waiting)
#	  13 of   18 jobs finished (77.5 minutes spent waiting)
#	  13 of   18 jobs finished (79.5 minutes spent waiting)
#	  13 of   18 jobs finished (81.5 minutes spent waiting)
#	  13 of   18 jobs finished (83.5 minutes spent waiting)
#	  13 of   18 jobs finished (85.5 minutes spent waiting)
#	  13 of   18 jobs finished (87.5 minutes spent waiting)
#	  13 of   18 jobs finished (89.5 minutes spent waiting)
#	  13 of   18 jobs finished (91.5 minutes spent waiting)
#	  13 of   18 jobs finished (93.5 minutes spent waiting)
#	  13 of   18 jobs finished (95.5 minutes spent waiting)
#	  13 of   18 jobs finished (97.5 minutes spent waiting)
#	  13 of   18 jobs finished (99.5 minutes spent waiting)
#	  13 of   18 jobs finished (101.5 minutes spent waiting)
#	  14 of   18 jobs finished (103.5 minutes spent waiting)
#	  14 of   18 jobs finished (105.5 minutes spent waiting)
#	  14 of   18 jobs finished (107.5 minutes spent waiting)
#	  14 of   18 jobs finished (109.5 minutes spent waiting)
#	  14 of   18 jobs finished (111.5 minutes spent waiting)
#	  14 of   18 jobs finished (113.5 minutes spent waiting)
#	  14 of   18 jobs finished (115.5 minutes spent waiting)
#	  14 of   18 jobs finished (117.5 minutes spent waiting)
#	  14 of   18 jobs finished (119.5 minutes spent waiting)
#	  15 of   18 jobs finished (121.5 minutes spent waiting)
#	  15 of   18 jobs finished (123.5 minutes spent waiting)
#	  15 of   18 jobs finished (125.5 minutes spent waiting)
#	  15 of   18 jobs finished (127.5 minutes spent waiting)
#	  15 of   18 jobs finished (129.5 minutes spent waiting)
#	  15 of   18 jobs finished (131.5 minutes spent waiting)
#	  15 of   18 jobs finished (133.5 minutes spent waiting)
#	  15 of   18 jobs finished (135.5 minutes spent waiting)
#	  15 of   18 jobs finished (137.5 minutes spent waiting)
#	  15 of   18 jobs finished (139.5 minutes spent waiting)
#	  15 of   18 jobs finished (141.5 minutes spent waiting)
#	  15 of   18 jobs finished (143.5 minutes spent waiting)
#	  15 of   18 jobs finished (145.5 minutes spent waiting)
#	  15 of   18 jobs finished (147.5 minutes spent waiting)
#	  15 of   18 jobs finished (149.5 minutes spent waiting)
#	  15 of   18 jobs finished (151.5 minutes spent waiting)
#	  15 of   18 jobs finished (153.5 minutes spent waiting)
#	  15 of   18 jobs finished (155.5 minutes spent waiting)
#	  15 of   18 jobs finished (157.5 minutes spent waiting)
#	  15 of   18 jobs finished (159.5 minutes spent waiting)
#	  15 of   18 jobs finished (161.5 minutes spent waiting)
#	  15 of   18 jobs finished (163.5 minutes spent waiting)
#	  15 of   18 jobs finished (165.5 minutes spent waiting)
#	  15 of   18 jobs finished (167.5 minutes spent waiting)
#	  15 of   18 jobs finished (169.5 minutes spent waiting)
#	  15 of   18 jobs finished (171.5 minutes spent waiting)
#	  15 of   18 jobs finished (173.5 minutes spent waiting)
#	  15 of   18 jobs finished (175.5 minutes spent waiting)
#	  15 of   18 jobs finished (177.5 minutes spent waiting)
#	  15 of   18 jobs finished (179.5 minutes spent waiting)
#	  15 of   18 jobs finished (181.5 minutes spent waiting)
#	  15 of   18 jobs finished (183.5 minutes spent waiting)
#	  15 of   18 jobs finished (185.5 minutes spent waiting)
#	  15 of   18 jobs finished (187.5 minutes spent waiting)
#	  15 of   18 jobs finished (189.5 minutes spent waiting)
#	  15 of   18 jobs finished (191.5 minutes spent waiting)
#	  15 of   18 jobs finished (193.5 minutes spent waiting)
#	  15 of   18 jobs finished (195.5 minutes spent waiting)
#	  15 of   18 jobs finished (197.5 minutes spent waiting)
#	  15 of   18 jobs finished (199.5 minutes spent waiting)
#	  15 of   18 jobs finished (201.5 minutes spent waiting)
#	  15 of   18 jobs finished (203.5 minutes spent waiting)
#	  15 of   18 jobs finished (205.5 minutes spent waiting)
#	  15 of   18 jobs finished (207.5 minutes spent waiting)
#	  15 of   18 jobs finished (209.5 minutes spent waiting)
#	  15 of   18 jobs finished (211.5 minutes spent waiting)
#	  15 of   18 jobs finished (213.5 minutes spent waiting)
#	  15 of   18 jobs finished (215.5 minutes spent waiting)
#	  15 of   18 jobs finished (217.5 minutes spent waiting)
#	  15 of   18 jobs finished (219.5 minutes spent waiting)
#	  15 of   18 jobs finished (221.5 minutes spent waiting)
#	  15 of   18 jobs finished (223.5 minutes spent waiting)
#	  15 of   18 jobs finished (225.5 minutes spent waiting)
#	  15 of   18 jobs finished (227.5 minutes spent waiting)
#	  15 of   18 jobs finished (229.5 minutes spent waiting)
#	  15 of   18 jobs finished (231.5 minutes spent waiting)
#	  15 of   18 jobs finished (233.5 minutes spent waiting)
#	  15 of   18 jobs finished (235.5 minutes spent waiting)
#	  15 of   18 jobs finished (237.5 minutes spent waiting)
#	  15 of   18 jobs finished (239.5 minutes spent waiting)
#	  15 of   18 jobs finished (241.5 minutes spent waiting)
#	  15 of   18 jobs finished (243.5 minutes spent waiting)
#	  15 of   18 jobs finished (245.5 minutes spent waiting)
#	  15 of   18 jobs finished (247.5 minutes spent waiting)
#	  15 of   18 jobs finished (249.5 minutes spent waiting)
#	  15 of   18 jobs finished (251.5 minutes spent waiting)
#	  15 of   18 jobs finished (253.5 minutes spent waiting)
#	  15 of   18 jobs finished (255.5 minutes spent waiting)
#	  15 of   18 jobs finished (257.5 minutes spent waiting)
#	  15 of   18 jobs finished (259.5 minutes spent waiting)
#	  15 of   18 jobs finished (261.5 minutes spent waiting)
#	  15 of   18 jobs finished (263.5 minutes spent waiting)
#	  15 of   18 jobs finished (265.5 minutes spent waiting)
#	  15 of   18 jobs finished (267.5 minutes spent waiting)
#	  15 of   18 jobs finished (269.5 minutes spent waiting)
#	  15 of   18 jobs finished (271.5 minutes spent waiting)
#	  15 of   18 jobs finished (273.5 minutes spent waiting)
#	  15 of   18 jobs finished (275.5 minutes spent waiting)
#	  15 of   18 jobs finished (277.5 minutes spent waiting)
#	  15 of   18 jobs finished (279.5 minutes spent waiting)
#	  15 of   18 jobs finished (281.5 minutes spent waiting)
#	  15 of   18 jobs finished (283.5 minutes spent waiting)
#	  15 of   18 jobs finished (285.5 minutes spent waiting)
#	  15 of   18 jobs finished (287.5 minutes spent waiting)
#	  15 of   18 jobs finished (289.5 minutes spent waiting)
#	  15 of   18 jobs finished (291.5 minutes spent waiting)
#	  15 of   18 jobs finished (293.5 minutes spent waiting)
#	  15 of   18 jobs finished (295.5 minutes spent waiting)
#	  15 of   18 jobs finished (297.5 minutes spent waiting)
#	  15 of   18 jobs finished (299.5 minutes spent waiting)
#	  15 of   18 jobs finished (301.5 minutes spent waiting)
#	  16 of   18 jobs finished (303.5 minutes spent waiting)
#	  16 of   18 jobs finished (305.5 minutes spent waiting)
#	  16 of   18 jobs finished (307.5 minutes spent waiting)
#	  16 of   18 jobs finished (309.5 minutes spent waiting)
#	  16 of   18 jobs finished (311.5 minutes spent waiting)
#	  16 of   18 jobs finished (313.5 minutes spent waiting)
#	  16 of   18 jobs finished (315.5 minutes spent waiting)
#	  16 of   18 jobs finished (317.5 minutes spent waiting)
#	  16 of   18 jobs finished (319.5 minutes spent waiting)
#	  16 of   18 jobs finished (321.5 minutes spent waiting)
#	  16 of   18 jobs finished (323.5 minutes spent waiting)
#	  16 of   18 jobs finished (325.5 minutes spent waiting)
#	  16 of   18 jobs finished (327.5 minutes spent waiting)
#	  16 of   18 jobs finished (329.5 minutes spent waiting)
#	  16 of   18 jobs finished (331.5 minutes spent waiting)
#	  16 of   18 jobs finished (333.5 minutes spent waiting)
#	  16 of   18 jobs finished (335.5 minutes spent waiting)
#	  16 of   18 jobs finished (337.5 minutes spent waiting)
#	  16 of   18 jobs finished (339.5 minutes spent waiting)
#	  16 of   18 jobs finished (341.5 minutes spent waiting)
#	  16 of   18 jobs finished (343.5 minutes spent waiting)
#	  16 of   18 jobs finished (345.5 minutes spent waiting)
#	  16 of   18 jobs finished (347.5 minutes spent waiting)
#	  16 of   18 jobs finished (349.5 minutes spent waiting)
#	  16 of   18 jobs finished (351.5 minutes spent waiting)
#	  16 of   18 jobs finished (353.5 minutes spent waiting)
#	  16 of   18 jobs finished (355.5 minutes spent waiting)
#	  16 of   18 jobs finished (357.5 minutes spent waiting)
#	  16 of   18 jobs finished (359.5 minutes spent waiting)
#	  16 of   18 jobs finished (361.5 minutes spent waiting)
#	  16 of   18 jobs finished (363.5 minutes spent waiting)
#	  16 of   18 jobs finished (365.5 minutes spent waiting)
#	  16 of   18 jobs finished (367.5 minutes spent waiting)
#	  16 of   18 jobs finished (369.5 minutes spent waiting)
#	  16 of   18 jobs finished (371.5 minutes spent waiting)
#	  16 of   18 jobs finished (373.5 minutes spent waiting)
#	  16 of   18 jobs finished (375.5 minutes spent waiting)
#	  16 of   18 jobs finished (377.5 minutes spent waiting)
#	  16 of   18 jobs finished (379.5 minutes spent waiting)
#	  16 of   18 jobs finished (381.5 minutes spent waiting)
#	  16 of   18 jobs finished (383.5 minutes spent waiting)
#	  16 of   18 jobs finished (385.5 minutes spent waiting)
#	  16 of   18 jobs finished (387.5 minutes spent waiting)
#	  16 of   18 jobs finished (389.5 minutes spent waiting)
#	  16 of   18 jobs finished (391.5 minutes spent waiting)
#	  16 of   18 jobs finished (393.5 minutes spent waiting)
#	  16 of   18 jobs finished (395.5 minutes spent waiting)
#	  16 of   18 jobs finished (397.5 minutes spent waiting)
#	  16 of   18 jobs finished (399.5 minutes spent waiting)
#	  16 of   18 jobs finished (401.5 minutes spent waiting)
#	  16 of   18 jobs finished (403.5 minutes spent waiting)
#	  16 of   18 jobs finished (405.5 minutes spent waiting)
#	  16 of   18 jobs finished (407.5 minutes spent waiting)
#	  16 of   18 jobs finished (409.5 minutes spent waiting)
#	  16 of   18 jobs finished (411.5 minutes spent waiting)
#	  16 of   18 jobs finished (413.5 minutes spent waiting)
#	  16 of   18 jobs finished (415.5 minutes spent waiting)
#	  16 of   18 jobs finished (417.5 minutes spent waiting)
#	  16 of   18 jobs finished (419.5 minutes spent waiting)
#	  16 of   18 jobs finished (421.5 minutes spent waiting)
#	  16 of   18 jobs finished (423.5 minutes spent waiting)
#	  16 of   18 jobs finished (425.5 minutes spent waiting)
#	  16 of   18 jobs finished (427.5 minutes spent waiting)
#	  16 of   18 jobs finished (429.5 minutes spent waiting)
#	  16 of   18 jobs finished (431.5 minutes spent waiting)
#	  16 of   18 jobs finished (433.5 minutes spent waiting)
#	  16 of   18 jobs finished (435.5 minutes spent waiting)
#	  16 of   18 jobs finished (437.5 minutes spent waiting)
#	  16 of   18 jobs finished (439.5 minutes spent waiting)
#	  16 of   18 jobs finished (441.5 minutes spent waiting)
#	  16 of   18 jobs finished (443.5 minutes spent waiting)
#	  16 of   18 jobs finished (445.5 minutes spent waiting)
#	  16 of   18 jobs finished (447.5 minutes spent waiting)
#	  16 of   18 jobs finished (449.5 minutes spent waiting)
#	  16 of   18 jobs finished (451.5 minutes spent waiting)
#	  16 of   18 jobs finished (453.5 minutes spent waiting)
#	  16 of   18 jobs finished (455.5 minutes spent waiting)
#	  16 of   18 jobs finished (457.5 minutes spent waiting)
#	  16 of   18 jobs finished (459.5 minutes spent waiting)
#	  16 of   18 jobs finished (461.5 minutes spent waiting)
#	  16 of   18 jobs finished (463.5 minutes spent waiting)
#	  16 of   18 jobs finished (465.5 minutes spent waiting)
#	  16 of   18 jobs finished (467.5 minutes spent waiting)
#	  16 of   18 jobs finished (469.5 minutes spent waiting)
#	  16 of   18 jobs finished (471.5 minutes spent waiting)
#	  16 of   18 jobs finished (473.5 minutes spent waiting)
#	  17 of   18 jobs finished (475.5 minutes spent waiting)
#	  17 of   18 jobs finished (477.5 minutes spent waiting)
#	  17 of   18 jobs finished (479.5 minutes spent waiting)
#	  17 of   18 jobs finished (481.5 minutes spent waiting)
#	  17 of   18 jobs finished (483.5 minutes spent waiting)
#	  17 of   18 jobs finished (485.5 minutes spent waiting)
#	  17 of   18 jobs finished (487.5 minutes spent waiting)
#	  17 of   18 jobs finished (489.5 minutes spent waiting)
#	  17 of   18 jobs finished (491.5 minutes spent waiting)
#	  18 of   18 jobs finished (493.5 minutes spent waiting)
# done. [29798.8 seconds]
#
# You can now use dnaorg_annotate.pl to annotate genomes with the models that
# you've created here.
#
#
# Output printed to screen saved in:                                                                                     NC_004161.dnaorg_build.log
# List of executed commands saved in:                                                                                    NC_004161.dnaorg_build.cmd
# List and description of all output files saved in:                                                                     NC_004161.dnaorg_build.list
# File with list of options that must be kept consistent between dnaorg_build.pl and dnaorg_annotate.pl runs saved in:   NC_004161.dnaorg_build.consopts
# CM file #1, cds#1 saved in:                                                                                            NC_004161.dnaorg_build.0.cm
# CM file #2, cds#2 saved in:                                                                                            NC_004161.dnaorg_build.1.cm
# CM file #3, cds#3 saved in:                                                                                            NC_004161.dnaorg_build.2.cm
# CM file #4, cds#4.1 saved in:                                                                                          NC_004161.dnaorg_build.3.cm
# CM file #5, cds#4.2 saved in:                                                                                          NC_004161.dnaorg_build.4.cm
# CM file #6, cds#5 saved in:                                                                                            NC_004161.dnaorg_build.5.cm
# CM file #7, cds#6.1 saved in:                                                                                          NC_004161.dnaorg_build.6.cm
# CM file #8, cds#6.2 saved in:                                                                                          NC_004161.dnaorg_build.7.cm
# CM file #9, cds#7 saved in:                                                                                            NC_004161.dnaorg_build.8.cm
# CM file #10, cds#8 saved in:                                                                                           NC_004161.dnaorg_build.9.cm
# CM file #11, cds#9 saved in:                                                                                           NC_004161.dnaorg_build.10.cm
# CM file #12, gene#1 saved in:                                                                                          NC_004161.dnaorg_build.11.cm
# CM file #13, gene#2 saved in:                                                                                          NC_004161.dnaorg_build.12.cm
# CM file #14, gene#3 saved in:                                                                                          NC_004161.dnaorg_build.13.cm
# CM file #15, gene#4 saved in:                                                                                          NC_004161.dnaorg_build.14.cm
# CM file #16, gene#5 saved in:                                                                                          NC_004161.dnaorg_build.15.cm
# CM file #17, gene#6 saved in:                                                                                          NC_004161.dnaorg_build.16.cm
# CM file #18, gene#7 saved in:                                                                                          NC_004161.dnaorg_build.17.cm
#
# All output files created in directory ./NC_004161/
#
# CPU time:  08:30:20.35
#            hh:mm:ss
# 
# DNAORG-SUCCESS
f   18 jobs finished (607.5 minutes spent waiting)
#	  17 of   18 jobs finished (609.5 minutes spent waiting)
#	  17 of   18 jobs finished (611.5 minutes spent waiting)
#	  17 of   18 jobs finished (613.5 minutes spent waiting)
#	  17 of   18 jobs finished (615.5 minutes spent waiting)
#	  17 of   18 jobs finished (617.5 minutes spent waiting)
#	  17 of   18 jobs finished (619.5 minutes spent waiting)
#	  17 of   18 jobs finished (621.5 minutes spent waiting)
#	  17 of   18 jobs finished (623.5 minutes spent waiting)
#	  17 of   18 jobs finished (625.5 minutes spent waiting)
#	  17 of   18 jobs finished (627.5 minutes spent waiting)
#	  17 of   18 jobs finished (629.5 minutes spent waiting)
#	  17 of   18 jobs finished (631.5 minutes spent waiting)
#	  17 of   18 jobs finished (633.5 minutes spent waiting)
#	  17 of   18 jobs finished (635.5 minutes spent waiting)
#	  17 of   18 jobs finished (637.5 minutes spent waiting)
#	  17 of   18 jobs finished (639.5 minutes spent waiting)
#	  17 of   18 jobs finished (641.5 minutes spent waiting)
#	  17 of   18 jobs finished (643.5 minutes spent waiting)
#	  17 of   18 jobs finished (645.5 minutes spent waiting)
#	  17 of   18 jobs finished (647.5 minutes spent waiting)
#	  17 of   18 jobs finished (649.5 minutes spent waiting)
#	  17 of   18 jobs finished (651.5 minutes spent waiting)
#	  17 of   18 jobs finished (653.5 minutes spent waiting)
#	  17 of   18 jobs finished (655.5 minutes spent waiting)
#	  17 of   18 jobs finished (657.5 minutes spent waiting)
#	  17 of   18 jobs finished (659.5 minutes spent waiting)
#	  17 of   18 jobs finished (661.5 minutes spent waiting)
#	  17 of   18 jobs finished (663.5 minutes spent waiting)
#	  17 of   18 jobs finished (665.5 minutes spent waiting)
#	  17 of   18 jobs finished (667.5 minutes spent waiting)
#	  17 of   18 jobs finished (669.5 minutes spent waiting)
#	  17 of   18 jobs finished (671.5 minutes spent waiting)
#	  17 of   18 jobs finished (673.5 minutes spent waiting)
#	  17 of   18 jobs finished (675.5 minutes spent waiting)
#	  17 of   18 jobs finished (677.5 minutes spent waiting)
#	  17 of   18 jobs finished (679.5 minutes spent waiting)
#	  17 of   18 jobs finished (681.5 minutes spent waiting)
#	  17 of   18 jobs finished (683.5 minutes spent waiting)
#	  17 of   18 jobs finished (685.5 minutes spent waiting)
#	  17 of   18 jobs finished (687.5 minutes spent waiting)
#	  17 of   18 jobs finished (689.5 minutes spent waiting)
#	  17 of   18 jobs finished (691.5 minutes spent waiting)
#	  17 of   18 jobs finished (693.5 minutes spent waiting)
#	  17 of   18 jobs finished (695.5 minutes spent waiting)
#	  17 of   18 jobs finished (697.5 minutes spent waiting)
#	  17 of   18 jobs finished (699.5 minutes spent waiting)
#	  17 of   18 jobs finished (701.5 minutes spent waiting)
#	  17 of   18 jobs finished (703.5 minutes spent waiting)
#	  17 of   18 jobs finished (705.5 minutes spent waiting)
#	  17 of   18 jobs finished (707.5 minutes spent waiting)
#	  17 of   18 jobs finished (709.5 minutes spent waiting)
#	  17 of   18 jobs finished (711.5 minutes spent waiting)
#	  17 of   18 jobs finished (713.5 minutes spent waiting)
#	  17 of   18 jobs finished (715.5 minutes spent waiting)
#	  17 of   18 jobs finished (717.5 minutes spent waiting)
#	  17 of   18 jobs finished (719.5 minutes spent waiting)
#	  17 of   18 jobs finished (721.5 minutes spent waiting)
#	  17 of   18 jobs finished (723.5 minutes spent waiting)
#	  17 of   18 jobs finished (725.5 minutes spent waiting)
#	  17 of   18 jobs finished (727.5 minutes spent waiting)
#	  17 of   18 jobs finished (729.5 minutes spent waiting)
#	  17 of   18 jobs finished (731.5 minutes spent waiting)
#	  17 of   18 jobs finished (733.5 minutes spent waiting)
#	  17 of   18 jobs finished (735.5 minutes spent waiting)
#	  17 of   18 jobs finished (737.5 minutes spent waiting)
#	  17 of   18 jobs finished (739.5 minutes spent waiting)
#	  17 of   18 jobs finished (741.5 minutes spent waiting)
#	  17 of   18 jobs finished (743.5 minutes spent waiting)
#	  17 of   18 jobs finished (745.5 minutes spent waiting)
#	  17 of   18 jobs finished (747.5 minutes spent waiting)
#	  17 of   18 jobs finished (749.5 minutes spent waiting)
#	  17 of   18 jobs finished (751.5 minutes spent waiting)
#	  17 of   18 jobs finished (753.5 minutes spent waiting)
#	  17 of   18 jobs finished (755.5 minutes spent waiting)
#	  17 of   18 jobs finished (757.5 minutes spent waiting)
#	  17 of   18 jobs finished (759.5 minutes spent waiting)
#	  17 of   18 jobs finished (761.5 minutes spent waiting)
#	  17 of   18 jobs finished (763.5 minutes spent waiting)
#	  17 of   18 jobs finished (765.5 minutes spent waiting)
#	  17 of   18 jobs finished (767.5 minutes spent waiting)
#	  17 of   18 jobs finished (769.5 minutes spent waiting)
#	  17 of   18 jobs finished (771.5 minutes spent waiting)
#	  17 of   18 jobs finished (773.5 minutes spent waiting)
#	  17 of   18 jobs finished (775.5 minutes spent waiting)
#	  17 of   18 jobs finished (777.5 minutes spent waiting)
#	  17 of   18 jobs finished (779.5 minutes spent waiting)
#	  17 of   18 jobs finished (781.5 minutes spent waiting)
#	  17 of   18 jobs finished (783.5 minutes spent waiting)
#	  17 of   18 jobs finished (785.5 minutes spent waiting)
#	  17 of   18 jobs finished (787.5 minutes spent waiting)
#	  17 of   18 jobs finished (789.5 minutes spent waiting)
#	  17 of   18 jobs finished (791.5 minutes spent waiting)
#	  17 of   18 jobs finished (793.5 minutes spent waiting)
#	  17 of   18 jobs finished (795.5 minutes spent waiting)
#	  17 of   18 jobs finished (797.5 minutes spent waiting)
#	  17 of   18 jobs finished (799.5 minutes spent waiting)
#	  17 of   18 jobs finished (801.5 minutes spent waiting)
#	  17 of   18 jobs finished (803.5 minutes spent waiting)
#	  17 of   18 jobs finished (805.5 minutes spent waiting)
#	  17 of   18 jobs finished (807.5 minutes spent waiting)
#	  17 of   18 jobs finished (809.5 minutes spent waiting)
#	  17 of   18 jobs finished (811.5 minutes spent waiting)
#	  17 of   18 jobs finished (813.5 minutes spent waiting)
#	  17 of   18 jobs finished (815.5 minutes spent waiting)
#	  17 of   18 jobs finished (817.5 minutes spent waiting)
#	  17 of   18 jobs finished (819.5 minutes spent waiting)
#	  17 of   18 jobs finished (821.5 minutes spent waiting)
#	  17 of   18 jobs finished (823.5 minutes spent waiting)
#	  17 of   18 jobs finished (825.5 minutes spent waiting)
#	  17 of   18 jobs finished (827.5 minutes spent waiting)
#	  17 of   18 jobs finished (829.5 minutes spent waiting)
#	  17 of   18 jobs finished (831.5 minutes spent waiting)
#	  17 of   18 jobs finished (833.5 minutes spent waiting)
#	  17 of   18 jobs finished (835.5 minutes spent waiting)
#	  17 of   18 jobs finished (837.5 minutes spent waiting)
#	  17 of   18 jobs finished (839.5 minutes spent waiting)
#	  17 of   18 jobs finished (841.5 minutes spent waiting)
#	  17 of   18 jobs finished (843.5 minutes spent waiting)
#	  17 of   18 jobs finished (845.5 minutes spent waiting)
#	  17 of   18 jobs finished (847.5 minutes spent waiting)
#	  17 of   18 jobs finished (849.5 minutes spent waiting)
#	  17 of   18 jobs finished (851.5 minutes spent waiting)
#	  17 of   18 jobs finished (853.5 minutes spent waiting)
#	  17 of   18 jobs finished (855.5 minutes spent waiting)
#	  17 of   18 jobs finished (857.5 minutes spent waiting)
#	  17 of   18 jobs finished (859.5 minutes spent waiting)
#	  17 of   18 jobs finished (861.5 minutes spent waiting)
#	  17 of   18 jobs finished (863.5 minutes spent waiting)
#	  17 of   18 jobs finished (865.5 minutes spent waiting)
#	  17 of   18 jobs finished (867.5 minutes spent waiting)
#	  17 of   18 jobs finished (869.5 minutes spent waiting)
#	  17 of   18 jobs finished (871.5 minutes spent waiting)
#	  17 of   18 jobs finished (873.5 minutes spent waiting)
#	  17 of   18 jobs finished (875.5 minutes spent waiting)
#	  17 of   18 jobs finished (877.5 minutes spent waiting)
#	  17 of   18 jobs finished (879.5 minutes spent waiting)
#	  17 of   18 jobs finished (881.5 minutes spent waiting)
#	  17 of   18 jobs finished (883.5 minutes spent waiting)
#	  17 of   18 jobs finished (885.5 minutes spent waiting)
#	  17 of   18 jobs finished (887.5 minutes spent waiting)
#	  17 of   18 jobs finished (889.5 minutes spent waiting)
#	  17 of   18 jobs finished (891.5 minutes spent waiting)
#	  17 of   18 jobs finished (893.5 minutes spent waiting)
#	  17 of   18 jobs finished (895.5 minutes spent waiting)
#	  17 of   18 jobs finished (897.5 minutes spent waiting)
#	  17 of   18 jobs finished (899.5 minutes spent waiting)
#	  17 of   18 jobs finished (901.5 minutes spent waiting)
#	  17 of   18 jobs finished (903.5 minutes spent waiting)
#	  18 of   18 jobs finished (905.5 minutes spent waiting)
# done. [54604.6 seconds]
#
# You can now use dnaorg_annotate.pl to annotate genomes with the models that
# you've created here.
#
#
# Output printed to screen saved in:                                                                                     NC_004161.dnaorg_build.log
# List of executed commands saved in:                                                                                    NC_004161.dnaorg_build.cmd
# List and description of all output files saved in:                                                                     NC_004161.dnaorg_build.list
# File with list of options that must be kept consistent between dnaorg_build.pl and dnaorg_annotate.pl runs saved in:   NC_004161.dnaorg_build.consopts
# CM file #1, cds#1 saved in:                                                                                            NC_004161.dnaorg_build.0.cm
# CM file #2, cds#2 saved in:                                                                                            NC_004161.dnaorg_build.1.cm
# CM file #3, cds#3 saved in:                                                                                            NC_004161.dnaorg_build.2.cm
# CM file #4, cds#4.1 saved in:                                                                                          NC_004161.dnaorg_build.3.cm
# CM file #5, cds#4.2 saved in:                                                                                          NC_004161.dnaorg_build.4.cm
# CM file #6, cds#5 saved in:                                                                                            NC_004161.dnaorg_build.5.cm
# CM file #7, cds#6.1 saved in:                                                                                          NC_004161.dnaorg_build.6.cm
# CM file #8, cds#6.2 saved in:                                                                                          NC_004161.dnaorg_build.7.cm
# CM file #9, cds#7 saved in:                                                                                            NC_004161.dnaorg_build.8.cm
# CM file #10, cds#8 saved in:                                                                                           NC_004161.dnaorg_build.9.cm
# CM file #11, cds#9 saved in:                                                                                           NC_004161.dnaorg_build.10.cm
# CM file #12, gene#1 saved in:                                                                                          NC_004161.dnaorg_build.11.cm
# CM file #13, gene#2 saved in:                                                                                          NC_004161.dnaorg_build.12.cm
# CM file #14, gene#3 saved in:                                                                                          NC_004161.dnaorg_build.13.cm
# CM file #15, gene#4 saved in:                                                                                          NC_004161.dnaorg_build.14.cm
# CM file #16, gene#5 saved in:                                                                                          NC_004161.dnaorg_build.15.cm
# CM file #17, gene#6 saved in:                                                                                          NC_004161.dnaorg_build.16.cm
# CM file #18, gene#7 saved in:                                                                                          NC_004161.dnaorg_build.17.cm
#
# All output files created in directory ./NC_004161/
#
# CPU time:  15:31:48.50
#            hh:mm:ss
# 
# DNAORG-SUCCESS
